<?xml version="1.0" encoding="UTF-8"?>
<coverage generated="1479275525538" clover="3.2.0">
  <project timestamp="1479275525538" name="All files">
    <metrics statements="21" coveredstatements="21" conditionals="17" coveredconditionals="16" methods="7" coveredmethods="7" elements="45" coveredelements="44" complexity="0" loc="21" ncloc="21" packages="2" files="6" classes="6">
      <package name="lib.mixins">
        <metrics statements="17" coveredstatements="17" conditionals="14" coveredconditionals="13" methods="4" coveredmethods="4"/>
        <file name="clearFix.js" path="/Users/brhjunior/polished/lib/mixins/clearFix.js">
          <metrics statements="7" coveredstatements="7" conditionals="6" coveredconditionals="5" methods="2" coveredmethods="2"/>
          <line num="3" count="1" type="stmt"/>
          <line num="7" count="2" type="stmt"/>
          <line num="35" count="2" type="stmt"/>
          <line num="37" count="2" type="stmt"/>
          <line num="38" count="2" type="stmt"/>
          <line num="45" count="1" type="stmt"/>
          <line num="46" count="1" type="stmt"/>
        </file>
        <file name="ellipsis.js" path="/Users/brhjunior/polished/lib/mixins/ellipsis.js">
          <metrics statements="5" coveredstatements="5" conditionals="4" coveredconditionals="4" methods="1" coveredmethods="1"/>
          <line num="3" count="1" type="stmt"/>
          <line num="37" count="3" type="stmt"/>
          <line num="39" count="3" type="stmt"/>
          <line num="49" count="1" type="stmt"/>
          <line num="50" count="1" type="stmt"/>
        </file>
        <file name="hiDPI.js" path="/Users/brhjunior/polished/lib/mixins/hiDPI.js">
          <metrics statements="5" coveredstatements="5" conditionals="4" coveredconditionals="4" methods="1" coveredmethods="1"/>
          <line num="3" count="1" type="stmt"/>
          <line num="36" count="2" type="stmt"/>
          <line num="38" count="2" type="stmt"/>
          <line num="41" count="1" type="stmt"/>
          <line num="42" count="1" type="stmt"/>
        </file>
      </package>
      <package name="src.mixins">
        <metrics statements="4" coveredstatements="4" conditionals="3" coveredconditionals="3" methods="3" coveredmethods="3"/>
        <file name="clearFix.js" path="/Users/brhjunior/polished/src/mixins/clearFix.js">
          <metrics statements="2" coveredstatements="2" conditionals="1" coveredconditionals="1" methods="1" coveredmethods="1"/>
          <line num="27" count="2" type="stmt"/>
          <line num="28" count="2" type="stmt"/>
        </file>
        <file name="ellipsis.js" path="/Users/brhjunior/polished/src/mixins/ellipsis.js">
          <metrics statements="1" coveredstatements="1" conditionals="1" coveredconditionals="1" methods="1" coveredmethods="1"/>
          <line num="32" count="3" type="stmt"/>
        </file>
        <file name="hiDPI.js" path="/Users/brhjunior/polished/src/mixins/hiDPI.js">
          <metrics statements="1" coveredstatements="1" conditionals="1" coveredconditionals="1" methods="1" coveredmethods="1"/>
          <line num="31" count="2" type="stmt"/>
        </file>
      </package>
    </metrics>
  </project>
</coverage>
