{"/Users/bhough/polished/lib/mixins/ClearFix.js": {"path":"/Users/bhough/polished/lib/mixins/ClearFix.js","statementMap":{"0":{"start":{"line":3,"column":0},"end":{"line":5,"column":3}},"1":{"start":{"line":7,"column":0},"end":{"line":9,"column":2}},"2":{"start":{"line":8,"column":2},"end":{"line":8,"column":20}},"3":{"start":{"line":11,"column":0},"end":{"line":11,"column":36}}},"fnMap":{"0":{"name":"(anonymous_0)","decl":{"start":{"line":7,"column":18},"end":{"line":7,"column":19}},"loc":{"start":{"line":7,"column":30},"end":{"line":9,"column":1}}}},"branchMap":{},"s":{"0":1,"1":1,"2":1,"3":1},"f":{"0":1},"b":{},"_coverageSchema":"332fd63041d2c1bcb487cc26dd0d5f7d97098a6c","hash":"41599d530efebd2a5930f660d320a0a443ece261"}
,"/Users/bhough/polished/lib/mixins/Ellipsis.js": {"path":"/Users/bhough/polished/lib/mixins/Ellipsis.js","statementMap":{"0":{"start":{"line":3,"column":0},"end":{"line":5,"column":3}},"1":{"start":{"line":37,"column":14},"end":{"line":37,"column":88}},"2":{"start":{"line":39,"column":2},"end":{"line":46,"column":4}},"3":{"start":{"line":49,"column":0},"end":{"line":49,"column":27}},"4":{"start":{"line":50,"column":0},"end":{"line":50,"column":36}}},"fnMap":{"0":{"name":"ellipsis","decl":{"start":{"line":36,"column":9},"end":{"line":36,"column":17}},"loc":{"start":{"line":36,"column":20},"end":{"line":47,"column":1}}}},"branchMap":{"0":{"loc":{"start":{"line":37,"column":14},"end":{"line":37,"column":88}},"type":"cond-expr","locations":[{"start":{"line":37,"column":67},"end":{"line":37,"column":79}},{"start":{"line":37,"column":82},"end":{"line":37,"column":88}}]},"1":{"loc":{"start":{"line":37,"column":14},"end":{"line":37,"column":64}},"type":"binary-expr","locations":[{"start":{"line":37,"column":14},"end":{"line":37,"column":34}},{"start":{"line":37,"column":38},"end":{"line":37,"column":64}}]}},"s":{"0":1,"1":3,"2":3,"3":1,"4":1},"f":{"0":3},"b":{"0":[2,1],"1":[3,2]},"_coverageSchema":"332fd63041d2c1bcb487cc26dd0d5f7d97098a6c","hash":"fd2e41082275feedf820e185c0c06543dc2a171b"}
,"/Users/bhough/polished/lib/mixins/wordWrap.js": {"path":"/Users/bhough/polished/lib/mixins/wordWrap.js","statementMap":{"0":{"start":{"line":3,"column":0},"end":{"line":5,"column":3}},"1":{"start":{"line":29,"column":13},"end":{"line":29,"column":93}},"2":{"start":{"line":31,"column":18},"end":{"line":31,"column":60}},"3":{"start":{"line":32,"column":2},"end":{"line":36,"column":4}},"4":{"start":{"line":39,"column":0},"end":{"line":39,"column":27}},"5":{"start":{"line":40,"column":0},"end":{"line":40,"column":36}}},"fnMap":{"0":{"name":"wordWrap","decl":{"start":{"line":28,"column":9},"end":{"line":28,"column":17}},"loc":{"start":{"line":28,"column":20},"end":{"line":37,"column":1}}}},"branchMap":{"0":{"loc":{"start":{"line":29,"column":13},"end":{"line":29,"column":93}},"type":"cond-expr","locations":[{"start":{"line":29,"column":66},"end":{"line":29,"column":78}},{"start":{"line":29,"column":81},"end":{"line":29,"column":93}}]},"1":{"loc":{"start":{"line":29,"column":13},"end":{"line":29,"column":63}},"type":"binary-expr","locations":[{"start":{"line":29,"column":13},"end":{"line":29,"column":33}},{"start":{"line":29,"column":37},"end":{"line":29,"column":63}}]},"2":{"loc":{"start":{"line":31,"column":18},"end":{"line":31,"column":60}},"type":"cond-expr","locations":[{"start":{"line":31,"column":42},"end":{"line":31,"column":53}},{"start":{"line":31,"column":56},"end":{"line":31,"column":60}}]}},"s":{"0":1,"1":2,"2":2,"3":2,"4":1,"5":1},"f":{"0":2},"b":{"0":[1,1],"1":[2,1],"2":[1,1]},"_coverageSchema":"332fd63041d2c1bcb487cc26dd0d5f7d97098a6c","hash":"83b8491d4cc93b2502ad5c071445bd8225f3ce1a"}
,"/Users/bhough/polished/src/mixins/Ellipsis.js": {"path":"/Users/bhough/polished/src/mixins/Ellipsis.js","statementMap":{"0":{"start":{"line":32,"column":2},"end":{"line":39,"column":3}}},"fnMap":{"0":{"name":"ellipsis","decl":{"start":{"line":31,"column":9},"end":{"line":31,"column":17}},"loc":{"start":{"line":31,"column":34},"end":{"line":40,"column":1}}}},"branchMap":{"0":{"loc":{"start":{"line":31,"column":18},"end":{"line":31,"column":32}},"type":"default-arg","locations":[{"start":{"line":31,"column":26},"end":{"line":31,"column":32}}]}},"s":{"0":3},"f":{"0":3},"b":{"0":[1]},"_coverageSchema":"332fd63041d2c1bcb487cc26dd0d5f7d97098a6c","hash":"43867c9a82a78116abeaaad3a53a3b062da1db19"}
}
