{"/Users/brhjunior/polished/lib/mixins/clearFix.js": {"path":"/Users/brhjunior/polished/lib/mixins/clearFix.js","statementMap":{"0":{"start":{"line":3,"column":0},"end":{"line":5,"column":3}},"1":{"start":{"line":7,"column":44},"end":{"line":7,"column":195}},"2":{"start":{"line":7,"column":62},"end":{"line":7,"column":166}},"3":{"start":{"line":7,"column":176},"end":{"line":7,"column":193}},"4":{"start":{"line":7,"column":196},"end":{"line":7,"column":207}},"5":{"start":{"line":35,"column":15},"end":{"line":35,"column":86}},"6":{"start":{"line":37,"column":23},"end":{"line":37,"column":41}},"7":{"start":{"line":38,"column":2},"end":{"line":42,"column":5}},"8":{"start":{"line":45,"column":0},"end":{"line":45,"column":27}},"9":{"start":{"line":46,"column":0},"end":{"line":46,"column":36}}},"fnMap":{"0":{"name":"_defineProperty","decl":{"start":{"line":7,"column":9},"end":{"line":7,"column":24}},"loc":{"start":{"line":7,"column":42},"end":{"line":7,"column":209}}},"1":{"name":"clearFix","decl":{"start":{"line":34,"column":9},"end":{"line":34,"column":17}},"loc":{"start":{"line":34,"column":20},"end":{"line":43,"column":1}}}},"branchMap":{"0":{"loc":{"start":{"line":7,"column":44},"end":{"line":7,"column":195}},"type":"if","locations":[{"start":{"line":7,"column":44},"end":{"line":7,"column":195}},{"start":{"line":7,"column":44},"end":{"line":7,"column":195}}]},"1":{"loc":{"start":{"line":35,"column":15},"end":{"line":35,"column":86}},"type":"cond-expr","locations":[{"start":{"line":35,"column":68},"end":{"line":35,"column":80}},{"start":{"line":35,"column":83},"end":{"line":35,"column":86}}]},"2":{"loc":{"start":{"line":35,"column":15},"end":{"line":35,"column":65}},"type":"binary-expr","locations":[{"start":{"line":35,"column":15},"end":{"line":35,"column":35}},{"start":{"line":35,"column":39},"end":{"line":35,"column":65}}]}},"s":{"0":1,"1":2,"2":0,"3":2,"4":2,"5":2,"6":2,"7":2,"8":1,"9":1},"f":{"0":2,"1":2},"b":{"0":[0,2],"1":[1,1],"2":[2,1]},"_coverageSchema":"332fd63041d2c1bcb487cc26dd0d5f7d97098a6c","hash":"d235b5184d48dd8f0eb0968a7694552188c302d9"}
,"/Users/brhjunior/polished/lib/mixins/ellipsis.js": {"path":"/Users/brhjunior/polished/lib/mixins/ellipsis.js","statementMap":{"0":{"start":{"line":3,"column":0},"end":{"line":5,"column":3}},"1":{"start":{"line":37,"column":14},"end":{"line":37,"column":88}},"2":{"start":{"line":39,"column":2},"end":{"line":46,"column":4}},"3":{"start":{"line":49,"column":0},"end":{"line":49,"column":27}},"4":{"start":{"line":50,"column":0},"end":{"line":50,"column":36}}},"fnMap":{"0":{"name":"ellipsis","decl":{"start":{"line":36,"column":9},"end":{"line":36,"column":17}},"loc":{"start":{"line":36,"column":20},"end":{"line":47,"column":1}}}},"branchMap":{"0":{"loc":{"start":{"line":37,"column":14},"end":{"line":37,"column":88}},"type":"cond-expr","locations":[{"start":{"line":37,"column":67},"end":{"line":37,"column":79}},{"start":{"line":37,"column":82},"end":{"line":37,"column":88}}]},"1":{"loc":{"start":{"line":37,"column":14},"end":{"line":37,"column":64}},"type":"binary-expr","locations":[{"start":{"line":37,"column":14},"end":{"line":37,"column":34}},{"start":{"line":37,"column":38},"end":{"line":37,"column":64}}]}},"s":{"0":1,"1":3,"2":3,"3":1,"4":1},"f":{"0":3},"b":{"0":[2,1],"1":[3,2]},"_coverageSchema":"332fd63041d2c1bcb487cc26dd0d5f7d97098a6c","hash":"2700ddeb0f284bba22a345cd983785eb5d95ef39"}
,"/Users/brhjunior/polished/lib/mixins/hiDPI.js": {"path":"/Users/brhjunior/polished/lib/mixins/hiDPI.js","statementMap":{"0":{"start":{"line":3,"column":0},"end":{"line":5,"column":3}},"1":{"start":{"line":36,"column":14},"end":{"line":36,"column":85}},"2":{"start":{"line":38,"column":2},"end":{"line":38,"column":358}},"3":{"start":{"line":41,"column":0},"end":{"line":41,"column":24}},"4":{"start":{"line":42,"column":0},"end":{"line":42,"column":36}}},"fnMap":{"0":{"name":"hiDPI","decl":{"start":{"line":35,"column":9},"end":{"line":35,"column":14}},"loc":{"start":{"line":35,"column":17},"end":{"line":39,"column":1}}}},"branchMap":{"0":{"loc":{"start":{"line":36,"column":14},"end":{"line":36,"column":85}},"type":"cond-expr","locations":[{"start":{"line":36,"column":67},"end":{"line":36,"column":79}},{"start":{"line":36,"column":82},"end":{"line":36,"column":85}}]},"1":{"loc":{"start":{"line":36,"column":14},"end":{"line":36,"column":64}},"type":"binary-expr","locations":[{"start":{"line":36,"column":14},"end":{"line":36,"column":34}},{"start":{"line":36,"column":38},"end":{"line":36,"column":64}}]}},"s":{"0":1,"1":2,"2":2,"3":1,"4":1},"f":{"0":2},"b":{"0":[1,1],"1":[2,1]},"_coverageSchema":"332fd63041d2c1bcb487cc26dd0d5f7d97098a6c","hash":"95a60b8587c6a0cca93fc3a3717621368c2da55f"}
,"/Users/brhjunior/polished/src/mixins/clearFix.js": {"path":"/Users/brhjunior/polished/src/mixins/clearFix.js","statementMap":{"0":{"start":{"line":27,"column":25},"end":{"line":27,"column":43}},"1":{"start":{"line":28,"column":2},"end":{"line":34,"column":3}}},"fnMap":{"0":{"name":"clearFix","decl":{"start":{"line":26,"column":9},"end":{"line":26,"column":17}},"loc":{"start":{"line":26,"column":32},"end":{"line":35,"column":1}}}},"branchMap":{"0":{"loc":{"start":{"line":26,"column":18},"end":{"line":26,"column":30}},"type":"default-arg","locations":[{"start":{"line":26,"column":27},"end":{"line":26,"column":30}}]}},"s":{"0":2,"1":2},"f":{"0":2},"b":{"0":[1]},"_coverageSchema":"332fd63041d2c1bcb487cc26dd0d5f7d97098a6c","hash":"06339a367edd9b2907b624e392deff65367054c8"}
,"/Users/brhjunior/polished/src/mixins/ellipsis.js": {"path":"/Users/brhjunior/polished/src/mixins/ellipsis.js","statementMap":{"0":{"start":{"line":32,"column":2},"end":{"line":39,"column":3}}},"fnMap":{"0":{"name":"ellipsis","decl":{"start":{"line":31,"column":9},"end":{"line":31,"column":17}},"loc":{"start":{"line":31,"column":34},"end":{"line":40,"column":1}}}},"branchMap":{"0":{"loc":{"start":{"line":31,"column":18},"end":{"line":31,"column":32}},"type":"default-arg","locations":[{"start":{"line":31,"column":26},"end":{"line":31,"column":32}}]}},"s":{"0":3},"f":{"0":3},"b":{"0":[1]},"_coverageSchema":"332fd63041d2c1bcb487cc26dd0d5f7d97098a6c","hash":"daaf80890e8a240a7ef635e8d97f7b877fbd68f0"}
,"/Users/brhjunior/polished/src/mixins/hiDPI.js": {"path":"/Users/brhjunior/polished/src/mixins/hiDPI.js","statementMap":{"0":{"start":{"line":31,"column":2},"end":{"line":37,"column":3}}},"fnMap":{"0":{"name":"hiDPI","decl":{"start":{"line":30,"column":9},"end":{"line":30,"column":14}},"loc":{"start":{"line":30,"column":28},"end":{"line":38,"column":1}}}},"branchMap":{"0":{"loc":{"start":{"line":30,"column":15},"end":{"line":30,"column":26}},"type":"default-arg","locations":[{"start":{"line":30,"column":23},"end":{"line":30,"column":26}}]}},"s":{"0":2},"f":{"0":2},"b":{"0":[1]},"_coverageSchema":"332fd63041d2c1bcb487cc26dd0d5f7d97098a6c","hash":"570b6a56cda5cd917ffe2ea8064d9b5599d2bc58"}
}
