TN:
SF:/Users/brhjunior/polished/lib/mixins/clearFix.js
FN:7,_defineProperty
FN:34,clearFix
FNF:2
FNH:2
FNDA:2,_defineProperty
FNDA:2,clearFix
DA:3,1
DA:7,2
DA:35,2
DA:37,2
DA:38,2
DA:45,1
DA:46,1
LF:7
LH:7
BRDA:7,0,0,0
BRDA:7,0,1,2
BRDA:35,1,0,1
BRDA:35,1,1,1
BRDA:35,2,0,2
BRDA:35,2,1,1
BRF:6
BRH:5
end_of_record
TN:
SF:/Users/brhjunior/polished/lib/mixins/ellipsis.js
FN:36,ellipsis
FNF:1
FNH:1
FNDA:3,ellipsis
DA:3,1
DA:37,3
DA:39,3
DA:49,1
DA:50,1
LF:5
LH:5
BRDA:37,0,0,2
BRDA:37,0,1,1
BRDA:37,1,0,3
BRDA:37,1,1,2
BRF:4
BRH:4
end_of_record
TN:
SF:/Users/brhjunior/polished/lib/mixins/hiDPI.js
FN:35,hiDPI
FNF:1
FNH:1
FNDA:2,hiDPI
DA:3,1
DA:36,2
DA:38,2
DA:41,1
DA:42,1
LF:5
LH:5
BRDA:36,0,0,1
BRDA:36,0,1,1
BRDA:36,1,0,2
BRDA:36,1,1,1
BRF:4
BRH:4
end_of_record
TN:
SF:/Users/brhjunior/polished/src/mixins/clearFix.js
FN:26,clearFix
FNF:1
FNH:1
FNDA:2,clearFix
DA:27,2
DA:28,2
LF:2
LH:2
BRDA:26,0,0,1
BRF:1
BRH:1
end_of_record
TN:
SF:/Users/brhjunior/polished/src/mixins/ellipsis.js
FN:31,ellipsis
FNF:1
FNH:1
FNDA:3,ellipsis
DA:32,3
LF:1
LH:1
BRDA:31,0,0,1
BRF:1
BRH:1
end_of_record
TN:
SF:/Users/brhjunior/polished/src/mixins/hiDPI.js
FN:30,hiDPI
FNF:1
FNH:1
FNDA:2,hiDPI
DA:31,2
LF:1
LH:1
BRDA:30,0,0,1
BRF:1
BRH:1
end_of_record
