TN:
SF:/Users/bhough/polished/lib/mixins/ClearFix.js
FN:7,(anonymous_0)
FNF:1
FNH:1
FNDA:1,(anonymous_0)
DA:3,1
DA:7,1
DA:8,1
DA:11,1
LF:4
LH:4
BRF:0
BRH:0
end_of_record
TN:
SF:/Users/bhough/polished/lib/mixins/Ellipsis.js
FN:36,ellipsis
FNF:1
FNH:1
FNDA:3,ellipsis
DA:3,1
DA:37,3
DA:39,3
DA:49,1
DA:50,1
LF:5
LH:5
BRDA:37,0,0,2
BRDA:37,0,1,1
BRDA:37,1,0,3
BRDA:37,1,1,2
BRF:4
BRH:4
end_of_record
TN:
SF:/Users/bhough/polished/lib/mixins/wordWrap.js
FN:28,wordWrap
FNF:1
FNH:1
FNDA:2,wordWrap
DA:3,1
DA:29,2
DA:31,2
DA:32,2
DA:39,1
DA:40,1
LF:6
LH:6
BRDA:29,0,0,1
BRDA:29,0,1,1
BRDA:29,1,0,2
BRDA:29,1,1,1
BRDA:31,2,0,1
BRDA:31,2,1,1
BRF:6
BRH:6
end_of_record
TN:
SF:/Users/bhough/polished/src/mixins/Ellipsis.js
FN:31,ellipsis
FNF:1
FNH:1
FNDA:3,ellipsis
DA:32,3
LF:1
LH:1
BRDA:31,0,0,1
BRF:1
BRH:1
end_of_record
